<?xml version="1.0" encoding="UTF-8"?>
<!-- Generated by org.testng.reporters.JUnitXMLReporter -->
<testsuite hostname="DESKTOP-1837T0L" ignored="0" name="jioMart" tests="9" failures="0" timestamp="03 May 2021 13:18:59 GMT" time="54.514" errors="0">
  <testcase name="SearchTest" time="5.243" classname="com.qa.testCases.JioMartTestCases"/>
  <testcase name="SearchTest" time="5.395" classname="com.qa.testCases.JioMartTestCases"/>
  <testcase name="SearchTest" time="5.346" classname="com.qa.testCases.JioMartTestCases"/>
  <testcase name="SearchTest" time="3.838" classname="com.qa.testCases.JioMartTestCases"/>
  <testcase name="SearchTest" time="4.782" classname="com.qa.testCases.JioMartTestCases"/>
  <testcase name="SearchTest" time="5.474" classname="com.qa.testCases.JioMartTestCases"/>
  <testcase name="SearchTest" time="4.134" classname="com.qa.testCases.JioMartTestCases"/>
  <testcase name="SearchTest" time="3.61" classname="com.qa.testCases.JioMartTestCases"/>
  <testcase name="SearchTest" time="4.375" classname="com.qa.testCases.JioMartTestCases"/>
</testsuite> <!-- jioMart -->
